[2024-03-30 22:13:03Z INFO HostContext] No proxy settings were found based on environmental variables (http_proxy/https_proxy/HTTP_PROXY/HTTPS_PROXY)
[2024-03-30 22:13:03Z INFO HostContext] Well known directory 'Bin': 'C:\Users\covuk\Desktop\Projects Code\JavaScript\NodeJS\NodeJS-Chat\actions-runner\bin'
[2024-03-30 22:13:03Z INFO HostContext] Well known directory 'Root': 'C:\Users\covuk\Desktop\Projects Code\JavaScript\NodeJS\NodeJS-Chat\actions-runner'
[2024-03-30 22:13:03Z INFO HostContext] Well known config file 'Credentials': 'C:\Users\covuk\Desktop\Projects Code\JavaScript\NodeJS\NodeJS-Chat\actions-runner\.credentials'
[2024-03-30 22:13:03Z INFO HostContext] Well known directory 'Bin': 'C:\Users\covuk\Desktop\Projects Code\JavaScript\NodeJS\NodeJS-Chat\actions-runner\bin'
[2024-03-30 22:13:03Z INFO HostContext] Well known directory 'Root': 'C:\Users\covuk\Desktop\Projects Code\JavaScript\NodeJS\NodeJS-Chat\actions-runner'
[2024-03-30 22:13:03Z INFO HostContext] Well known config file 'Runner': 'C:\Users\covuk\Desktop\Projects Code\JavaScript\NodeJS\NodeJS-Chat\actions-runner\.runner'
[2024-03-30 22:13:03Z INFO Listener] Runner is built for Windows (X64) - win-x64.
[2024-03-30 22:13:03Z INFO Listener] RuntimeInformation: Microsoft Windows 10.0.22631.
[2024-03-30 22:13:03Z INFO Listener] Version: 2.314.1
[2024-03-30 22:13:03Z INFO Listener] Commit: 976290d966e6cc3e748a49bf8fdbe139ff764201
[2024-03-30 22:13:03Z INFO Listener] Culture: en-US
[2024-03-30 22:13:03Z INFO Listener] UI Culture: en-US
[2024-03-30 22:13:03Z INFO HostContext] Well known directory 'Bin': 'C:\Users\covuk\Desktop\Projects Code\JavaScript\NodeJS\NodeJS-Chat\actions-runner\bin'
[2024-03-30 22:13:03Z INFO HostContext] Well known directory 'Root': 'C:\Users\covuk\Desktop\Projects Code\JavaScript\NodeJS\NodeJS-Chat\actions-runner'
[2024-03-30 22:13:03Z INFO Listener] Validating directory permissions for: 'C:\Users\covuk\Desktop\Projects Code\JavaScript\NodeJS\NodeJS-Chat\actions-runner'
[2024-03-30 22:13:03Z INFO CommandLineParser] Parse
[2024-03-30 22:13:03Z INFO CommandLineParser] Parsing 5 args
[2024-03-30 22:13:03Z INFO CommandLineParser] parsing argument
[2024-03-30 22:13:03Z INFO CommandLineParser] HasArgs: False
[2024-03-30 22:13:03Z INFO CommandLineParser] Adding Command: configure
[2024-03-30 22:13:03Z INFO CommandLineParser] parsing argument
[2024-03-30 22:13:03Z INFO CommandLineParser] HasArgs: True
[2024-03-30 22:13:03Z INFO CommandLineParser] arg: url
[2024-03-30 22:13:03Z INFO CommandLineParser] parsing argument
[2024-03-30 22:13:03Z INFO CommandLineParser] HasArgs: True
[2024-03-30 22:13:03Z INFO CommandLineParser] Adding option 'url': 'https://github.com/cov393/NodeJS-Chat'
[2024-03-30 22:13:03Z INFO CommandLineParser] parsing argument
[2024-03-30 22:13:03Z INFO CommandLineParser] HasArgs: True
[2024-03-30 22:13:03Z INFO CommandLineParser] arg: token
[2024-03-30 22:13:03Z INFO CommandLineParser] parsing argument
[2024-03-30 22:13:03Z INFO CommandLineParser] HasArgs: True
[2024-03-30 22:13:03Z INFO CommandLineParser] Adding option 'token': '***'
[2024-03-30 22:13:03Z INFO Listener] Arguments parsed
[2024-03-30 22:13:03Z INFO Runner] ExecuteCommand
[2024-03-30 22:13:03Z INFO ConfigurationStore] currentAssemblyLocation: C:\Users\covuk\Desktop\Projects Code\JavaScript\NodeJS\NodeJS-Chat\actions-runner\bin\Runner.Listener.dll
[2024-03-30 22:13:03Z INFO HostContext] Well known directory 'Bin': 'C:\Users\covuk\Desktop\Projects Code\JavaScript\NodeJS\NodeJS-Chat\actions-runner\bin'
[2024-03-30 22:13:03Z INFO ConfigurationStore] binPath: C:\Users\covuk\Desktop\Projects Code\JavaScript\NodeJS\NodeJS-Chat\actions-runner\bin
[2024-03-30 22:13:03Z INFO HostContext] Well known directory 'Bin': 'C:\Users\covuk\Desktop\Projects Code\JavaScript\NodeJS\NodeJS-Chat\actions-runner\bin'
[2024-03-30 22:13:03Z INFO HostContext] Well known directory 'Root': 'C:\Users\covuk\Desktop\Projects Code\JavaScript\NodeJS\NodeJS-Chat\actions-runner'
[2024-03-30 22:13:03Z INFO ConfigurationStore] RootFolder: C:\Users\covuk\Desktop\Projects Code\JavaScript\NodeJS\NodeJS-Chat\actions-runner
[2024-03-30 22:13:03Z INFO HostContext] Well known directory 'Bin': 'C:\Users\covuk\Desktop\Projects Code\JavaScript\NodeJS\NodeJS-Chat\actions-runner\bin'
[2024-03-30 22:13:03Z INFO HostContext] Well known directory 'Root': 'C:\Users\covuk\Desktop\Projects Code\JavaScript\NodeJS\NodeJS-Chat\actions-runner'
[2024-03-30 22:13:03Z INFO HostContext] Well known config file 'Runner': 'C:\Users\covuk\Desktop\Projects Code\JavaScript\NodeJS\NodeJS-Chat\actions-runner\.runner'
[2024-03-30 22:13:03Z INFO ConfigurationStore] ConfigFilePath: C:\Users\covuk\Desktop\Projects Code\JavaScript\NodeJS\NodeJS-Chat\actions-runner\.runner
[2024-03-30 22:13:03Z INFO HostContext] Well known directory 'Bin': 'C:\Users\covuk\Desktop\Projects Code\JavaScript\NodeJS\NodeJS-Chat\actions-runner\bin'
[2024-03-30 22:13:03Z INFO HostContext] Well known directory 'Root': 'C:\Users\covuk\Desktop\Projects Code\JavaScript\NodeJS\NodeJS-Chat\actions-runner'
[2024-03-30 22:13:03Z INFO HostContext] Well known config file 'Credentials': 'C:\Users\covuk\Desktop\Projects Code\JavaScript\NodeJS\NodeJS-Chat\actions-runner\.credentials'
[2024-03-30 22:13:03Z INFO ConfigurationStore] CredFilePath: C:\Users\covuk\Desktop\Projects Code\JavaScript\NodeJS\NodeJS-Chat\actions-runner\.credentials
[2024-03-30 22:13:03Z INFO HostContext] Well known directory 'Bin': 'C:\Users\covuk\Desktop\Projects Code\JavaScript\NodeJS\NodeJS-Chat\actions-runner\bin'
[2024-03-30 22:13:03Z INFO HostContext] Well known directory 'Root': 'C:\Users\covuk\Desktop\Projects Code\JavaScript\NodeJS\NodeJS-Chat\actions-runner'
[2024-03-30 22:13:03Z INFO HostContext] Well known config file 'MigratedCredentials': 'C:\Users\covuk\Desktop\Projects Code\JavaScript\NodeJS\NodeJS-Chat\actions-runner\.credentials_migrated'
[2024-03-30 22:13:03Z INFO ConfigurationStore] MigratedCredFilePath: C:\Users\covuk\Desktop\Projects Code\JavaScript\NodeJS\NodeJS-Chat\actions-runner\.credentials_migrated
[2024-03-30 22:13:03Z INFO HostContext] Well known directory 'Bin': 'C:\Users\covuk\Desktop\Projects Code\JavaScript\NodeJS\NodeJS-Chat\actions-runner\bin'
[2024-03-30 22:13:03Z INFO HostContext] Well known directory 'Root': 'C:\Users\covuk\Desktop\Projects Code\JavaScript\NodeJS\NodeJS-Chat\actions-runner'
[2024-03-30 22:13:03Z INFO HostContext] Well known config file 'Service': 'C:\Users\covuk\Desktop\Projects Code\JavaScript\NodeJS\NodeJS-Chat\actions-runner\.service'
[2024-03-30 22:13:03Z INFO ConfigurationStore] ServiceConfigFilePath: C:\Users\covuk\Desktop\Projects Code\JavaScript\NodeJS\NodeJS-Chat\actions-runner\.service
[2024-03-30 22:13:03Z INFO CommandSettings] Flag 'help': 'False'
[2024-03-30 22:13:03Z INFO CommandSettings] Flag 'version': 'False'
[2024-03-30 22:13:03Z INFO CommandSettings] Flag 'commit': 'False'
[2024-03-30 22:13:03Z INFO CommandSettings] Flag 'check': 'False'
[2024-03-30 22:13:03Z INFO CommandSettings] Command 'configure': 'True'
[2024-03-30 22:13:03Z INFO Terminal] WRITE LINE: 
[2024-03-30 22:13:03Z INFO Terminal] WRITE LINE: --------------------------------------------------------------------------------
[2024-03-30 22:13:03Z INFO Terminal] WRITE LINE: |        ____ _ _   _   _       _          _        _   _                      |
[2024-03-30 22:13:03Z INFO Terminal] WRITE LINE: |       / ___(_) |_| | | |_   _| |__      / \   ___| |_(_) ___  _ __  ___      |
[2024-03-30 22:13:03Z INFO Terminal] WRITE LINE: |      | |  _| | __| |_| | | | | '_ \    / _ \ / __| __| |/ _ \| '_ \/ __|     |
[2024-03-30 22:13:03Z INFO Terminal] WRITE LINE: |      | |_| | | |_|  _  | |_| | |_) |  / ___ \ (__| |_| | (_) | | | \__ \     |
[2024-03-30 22:13:03Z INFO Terminal] WRITE LINE: |       \____|_|\__|_| |_|\__,_|_.__/  /_/   \_\___|\__|_|\___/|_| |_|___/     |
[2024-03-30 22:13:03Z INFO Terminal] WRITE LINE: |                                                                              |
[2024-03-30 22:13:03Z INFO Terminal] WRITE: |                       
[2024-03-30 22:13:03Z INFO Terminal] WRITE: Self-hosted runner registration
[2024-03-30 22:13:03Z INFO Terminal] WRITE LINE:                         |
[2024-03-30 22:13:03Z INFO Terminal] WRITE LINE: |                                                                              |
[2024-03-30 22:13:03Z INFO Terminal] WRITE LINE: --------------------------------------------------------------------------------
[2024-03-30 22:13:03Z INFO ConfigurationManager] ConfigureAsync
[2024-03-30 22:13:03Z INFO CommandSettings] Flag 'generateServiceConfig': 'False'
[2024-03-30 22:13:03Z INFO ConfigurationStore] IsConfigured()
[2024-03-30 22:13:03Z INFO ConfigurationStore] IsConfigured: False
[2024-03-30 22:13:03Z INFO ConfigurationManager] Is configured: False
[2024-03-30 22:13:03Z INFO CommandSettings] Arg 'url': 'https://github.com/cov393/NodeJS-Chat'
[2024-03-30 22:13:03Z INFO CommandSettings] Remove url from Arg dictionary.
[2024-03-30 22:13:03Z INFO CommandSettings] Arg 'token': '***'
[2024-03-30 22:13:03Z INFO CommandSettings] Remove token from Arg dictionary.
[2024-03-30 22:13:04Z INFO ConfigurationManager] Http response code: OK from 'POST https://api.github.com/actions/runner-registration' (CA0B:31DAB5:DB947CF:DC91B98:66088E6F)
[2024-03-30 22:13:04Z INFO ConfigurationManager] Using V2 flow: False
[2024-03-30 22:13:04Z INFO ConfigurationManager] cred retrieved via GitHub auth
[2024-03-30 22:13:04Z INFO RunnerServer] EstablishVssConnection
[2024-03-30 22:13:04Z INFO RunnerServer] Establish connection with 100 seconds timeout.
[2024-03-30 22:13:04Z INFO GitHubActionsService] Starting operation Location.GetConnectionData
[2024-03-30 22:13:04Z INFO RunnerServer] EstablishVssConnection
[2024-03-30 22:13:04Z INFO RunnerServer] Establish connection with 60 seconds timeout.
[2024-03-30 22:13:04Z INFO GitHubActionsService] Starting operation Location.GetConnectionData
[2024-03-30 22:13:04Z INFO RunnerServer] EstablishVssConnection
[2024-03-30 22:13:04Z INFO RunnerServer] Establish connection with 60 seconds timeout.
[2024-03-30 22:13:04Z INFO GitHubActionsService] Starting operation Location.GetConnectionData
[2024-03-30 22:13:05Z INFO GitHubActionsService] Finished operation Location.GetConnectionData
[2024-03-30 22:13:05Z INFO GitHubActionsService] Finished operation Location.GetConnectionData
[2024-03-30 22:13:05Z INFO GitHubActionsService] Finished operation Location.GetConnectionData
[2024-03-30 22:13:05Z INFO Terminal] WRITE LINE: 
[2024-03-30 22:13:05Z INFO ConfigurationManager] Test Connection complete.
[2024-03-30 22:13:05Z INFO HostContext] Well known directory 'Bin': 'C:\Users\covuk\Desktop\Projects Code\JavaScript\NodeJS\NodeJS-Chat\actions-runner\bin'
[2024-03-30 22:13:05Z INFO HostContext] Well known directory 'Root': 'C:\Users\covuk\Desktop\Projects Code\JavaScript\NodeJS\NodeJS-Chat\actions-runner'
[2024-03-30 22:13:05Z INFO HostContext] Well known config file 'RSACredentials': 'C:\Users\covuk\Desktop\Projects Code\JavaScript\NodeJS\NodeJS-Chat\actions-runner\.credentials_rsaparams'
[2024-03-30 22:13:05Z INFO RSAEncryptedFileKeyManager] Creating new RSA key using 2048-bit key length
[2024-03-30 22:13:05Z INFO RSAEncryptedFileKeyManager] Successfully saved RSA key parameters to file C:\Users\covuk\Desktop\Projects Code\JavaScript\NodeJS\NodeJS-Chat\actions-runner\.credentials_rsaparams
[2024-03-30 22:13:05Z INFO CommandSettings] Arg 'runnergroup': ''
[2024-03-30 22:13:05Z INFO CommandSettings] Flag 'unattended': 'False'
[2024-03-30 22:13:05Z INFO PromptManager] ReadValue
[2024-03-30 22:13:05Z INFO Terminal] WRITE: Enter the name of the runner group to add this runner to: 
[2024-03-30 22:13:05Z INFO Terminal] WRITE: [press Enter for Default] 
[2024-03-30 22:13:05Z INFO Terminal] READ LINE
[2024-03-30 22:14:42Z INFO Terminal] Read value: ''
[2024-03-30 22:14:42Z INFO PromptManager] Falling back to the default: 'Default'
[2024-03-30 22:14:42Z INFO Terminal] WRITE LINE: 
[2024-03-30 22:14:42Z INFO ConfigurationManager] Found a self-hosted runner group with id 1 and name Default
[2024-03-30 22:14:42Z INFO CommandSettings] Flag 'disableupdate': 'False'
[2024-03-30 22:14:42Z INFO CommandSettings] Flag 'ephemeral': 'False'
[2024-03-30 22:14:42Z INFO CommandSettings] Arg 'name': ''
[2024-03-30 22:14:42Z INFO CommandSettings] Flag 'unattended': 'False'
[2024-03-30 22:14:42Z INFO PromptManager] ReadValue
[2024-03-30 22:14:42Z INFO Terminal] WRITE: Enter the name of runner: 
[2024-03-30 22:14:42Z INFO Terminal] WRITE: [press Enter for LENOVO_YOGA] 
[2024-03-30 22:14:42Z INFO Terminal] READ LINE
[2024-03-30 22:14:58Z INFO Terminal] Read value: '	'
[2024-03-30 22:14:58Z INFO PromptManager] Falling back to the default: 'LENOVO_YOGA'
[2024-03-30 22:14:58Z INFO Terminal] WRITE LINE: 
[2024-03-30 22:14:58Z INFO CommandSettings] Arg 'labels': ''
[2024-03-30 22:14:58Z INFO CommandSettings] Flag 'unattended': 'False'
[2024-03-30 22:14:58Z INFO PromptManager] ReadValue
[2024-03-30 22:14:58Z INFO Terminal] WRITE: This runner will have the following labels: 'self-hosted', 'Windows', 'X64' 
Enter any additional labels (ex. label-1,label-2): 
[2024-03-30 22:14:58Z INFO Terminal] WRITE: [press Enter to skip] 
[2024-03-30 22:14:58Z INFO Terminal] READ LINE
[2024-03-30 22:15:00Z INFO Terminal] Read value: ''
[2024-03-30 22:15:00Z INFO Terminal] WRITE LINE: 
[2024-03-30 22:15:01Z INFO CommandSettings] Flag 'disableupdate': 'False'
[2024-03-30 22:15:01Z INFO CommandSettings] Flag 'no-default-labels': 'False'
[2024-03-30 22:15:01Z INFO CommandSettings] Flag 'disableupdate': 'False'
[2024-03-30 22:15:01Z INFO CommandSettings] Flag 'ephemeral': 'False'
[2024-03-30 22:15:01Z INFO ConfigurationStore] Saving OAuth credential @ C:\Users\covuk\Desktop\Projects Code\JavaScript\NodeJS\NodeJS-Chat\actions-runner\.credentials
[2024-03-30 22:15:01Z INFO ConfigurationStore] Credentials Saved.
[2024-03-30 22:15:01Z INFO ConfigurationStore] HasCredentials()
[2024-03-30 22:15:01Z INFO ConfigurationStore] stored True
[2024-03-30 22:15:01Z INFO CredentialManager] GetCredentialProvider
[2024-03-30 22:15:01Z INFO CredentialManager] Creating type OAuth
[2024-03-30 22:15:01Z INFO CredentialManager] Creating credential type: OAuth
[2024-03-30 22:15:01Z INFO RSAEncryptedFileKeyManager] Loading RSA key parameters from file C:\Users\covuk\Desktop\Projects Code\JavaScript\NodeJS\NodeJS-Chat\actions-runner\.credentials_rsaparams
[2024-03-30 22:15:01Z INFO RunnerServer] EstablishVssConnection
[2024-03-30 22:15:01Z INFO RunnerServer] Establish connection with 100 seconds timeout.
[2024-03-30 22:15:01Z INFO GitHubActionsService] Starting operation Location.GetConnectionData
[2024-03-30 22:15:01Z INFO RunnerServer] EstablishVssConnection
[2024-03-30 22:15:01Z INFO RunnerServer] Establish connection with 60 seconds timeout.
[2024-03-30 22:15:01Z INFO GitHubActionsService] Starting operation Location.GetConnectionData
[2024-03-30 22:15:01Z INFO RunnerServer] EstablishVssConnection
[2024-03-30 22:15:01Z INFO RunnerServer] Establish connection with 60 seconds timeout.
[2024-03-30 22:15:01Z INFO GitHubActionsService] Starting operation Location.GetConnectionData
[2024-03-30 22:15:01Z INFO GitHubActionsService] Finished operation Location.GetConnectionData
[2024-03-30 22:15:01Z INFO GitHubActionsService] Finished operation Location.GetConnectionData
[2024-03-30 22:15:01Z INFO GitHubActionsService] Finished operation Location.GetConnectionData
[2024-03-30 22:15:02Z INFO RSAEncryptedFileKeyManager] Loading RSA key parameters from file C:\Users\covuk\Desktop\Projects Code\JavaScript\NodeJS\NodeJS-Chat\actions-runner\.credentials_rsaparams
[2024-03-30 22:15:02Z INFO RSAEncryptedFileKeyManager] Loading RSA key parameters from file C:\Users\covuk\Desktop\Projects Code\JavaScript\NodeJS\NodeJS-Chat\actions-runner\.credentials_rsaparams
[2024-03-30 22:15:02Z INFO GitHubActionsService] AAD Correlation ID for this token request: Unknown
[2024-03-30 22:15:02Z INFO CommandSettings] Arg 'work': ''
[2024-03-30 22:15:02Z INFO CommandSettings] Flag 'unattended': 'False'
[2024-03-30 22:15:02Z INFO PromptManager] ReadValue
[2024-03-30 22:15:02Z INFO Terminal] WRITE: Enter name of work folder: 
[2024-03-30 22:15:02Z INFO Terminal] WRITE: [press Enter for _work] 
[2024-03-30 22:15:02Z INFO Terminal] READ LINE
[2024-03-30 22:15:21Z INFO Terminal] Read value: ''
[2024-03-30 22:15:21Z INFO PromptManager] Falling back to the default: '_work'
[2024-03-30 22:15:21Z INFO ConfigurationStore] Saving runner settings.
[2024-03-30 22:15:21Z INFO Terminal] WRITE LINE: Exiting...
